2025-07-16 16:09:48,171 [INFO] Starting Crypto Tracker
2025-07-16 16:09:48,512 [INFO] Fetched historical price data from Binance
2025-07-16 16:09:48,548 [INFO] Current dataset size: 24 rows
2025-07-16 16:09:49,692 [INFO] Websocket connected
2025-07-16 16:09:49,692 [INFO] WebSocket connection opened
2025-07-16 16:09:50,013 [ERROR] Error processing WebSocket message: 'p'
2025-07-16 16:09:50,037 [INFO] Live price: $118590.00
2025-07-16 16:09:50,049 [INFO] Live price: $118590.00
2025-07-16 16:09:50,152 [INFO] Live price: $118590.01
2025-07-16 16:09:50,560 [INFO] Live price: $118590.01
2025-07-16 16:09:51,734 [INFO] Live price: $118590.00
2025-07-16 16:09:51,904 [INFO] Live price: $118590.01
2025-07-16 16:09:52,099 [INFO] Live price: $118590.01
2025-07-16 16:09:52,119 [INFO] Live price: $118590.00
2025-07-16 16:09:52,187 [INFO] Live price: $118590.01
2025-07-16 16:09:52,463 [INFO] Live price: $118590.00
2025-07-16 16:09:52,465 [INFO] Live price: $118590.00
2025-07-16 16:09:52,656 [INFO] Live price: $118590.01
2025-07-16 16:09:53,094 [INFO] Live price: $118590.01
2025-07-16 16:09:53,111 [INFO] Live price: $118590.00
2025-07-16 16:09:53,144 [INFO] Live price: $118590.01
2025-07-16 16:09:53,402 [INFO] Live price: $118590.00
2025-07-16 16:09:53,406 [INFO] Live price: $118590.00
2025-07-16 16:09:53,408 [INFO] Live price: $118590.00
2025-07-16 16:09:53,410 [INFO] Live price: $118590.00
2025-07-16 16:09:53,411 [INFO] Live price: $118590.00
2025-07-16 16:09:53,413 [INFO] Live price: $118590.00
2025-07-16 16:09:53,415 [INFO] Live price: $118590.00
2025-07-16 16:09:53,417 [INFO] Live price: $118590.00
2025-07-16 16:09:53,419 [INFO] Live price: $118590.00
2025-07-16 16:09:53,422 [INFO] Live price: $118590.00
2025-07-16 16:09:53,424 [INFO] Live price: $118590.00
2025-07-16 16:09:53,425 [INFO] Live price: $118590.00
2025-07-16 16:09:53,427 [INFO] Live price: $118590.00
2025-07-16 16:09:53,429 [INFO] Live price: $118590.00
2025-07-16 16:09:53,431 [INFO] Live price: $118590.00
2025-07-16 16:09:53,796 [INFO] Live price: $118590.01
2025-07-16 16:09:54,899 [INFO] Live price: $118590.00
2025-07-16 16:09:56,025 [INFO] Live price: $118590.00
2025-07-16 16:09:56,028 [INFO] Live price: $118590.01
2025-07-16 16:09:58,313 [INFO] Live price: $118590.01
2025-07-16 16:09:58,332 [INFO] Live price: $118590.01
2025-07-16 16:09:58,699 [WARNING] Program interrupted by user
2025-07-17 14:16:49,701 [INFO] Starting Crypto Tracker
2025-07-17 14:16:50,128 [INFO] Fetched historical price data from Binance
2025-07-17 14:16:50,168 [INFO] Current dataset size: 24 rows
2025-07-17 14:16:51,464 [INFO] Websocket connected
2025-07-17 14:16:51,464 [INFO] WebSocket connection opened
2025-07-17 14:16:51,604 [INFO] Live price: $118220.00
2025-07-17 14:16:51,678 [INFO] Live price: $118220.00
2025-07-17 14:16:51,778 [INFO] Live price: $118220.00
2025-07-17 14:16:51,820 [ERROR] Error processing WebSocket message: 'p'
2025-07-17 14:16:51,925 [INFO] Live price: $118220.00
2025-07-17 14:16:51,928 [INFO] Live price: $118220.00
2025-07-17 14:16:51,930 [INFO] Live price: $118220.00
2025-07-17 14:16:51,932 [INFO] Live price: $118220.00
2025-07-17 14:16:51,934 [INFO] Live price: $118220.00
2025-07-17 14:16:51,935 [INFO] Live price: $118220.00
2025-07-17 14:16:51,972 [INFO] Live price: $118220.01
2025-07-17 14:16:52,269 [INFO] Live price: $118220.01
2025-07-17 14:16:52,604 [INFO] Live price: $118220.00
2025-07-17 14:16:52,608 [INFO] Live price: $118220.00
2025-07-17 14:16:52,612 [INFO] Live price: $118220.00
2025-07-17 14:16:52,615 [INFO] Live price: $118220.00
2025-07-17 14:16:52,619 [INFO] Live price: $118220.00
2025-07-17 14:16:52,622 [INFO] Live price: $118220.00
2025-07-17 14:16:52,624 [INFO] Live price: $118220.00
2025-07-17 14:16:52,626 [INFO] Live price: $118220.00
2025-07-17 14:16:52,628 [INFO] Live price: $118220.00
2025-07-17 14:16:52,630 [INFO] Live price: $118220.00
2025-07-17 14:16:52,632 [INFO] Live price: $118220.00
2025-07-17 14:16:52,633 [INFO] Live price: $118220.00
2025-07-17 14:16:52,635 [INFO] Live price: $118220.00
2025-07-17 14:16:52,637 [INFO] Live price: $118220.00
2025-07-17 14:16:52,638 [INFO] Live price: $118220.00
2025-07-17 14:16:52,640 [INFO] Live price: $118220.00
2025-07-17 14:16:52,641 [INFO] Live price: $118220.00
2025-07-17 14:16:52,643 [INFO] Live price: $118220.00
2025-07-17 14:16:52,645 [INFO] Live price: $118220.00
2025-07-17 14:16:52,647 [INFO] Live price: $118220.00
2025-07-17 14:16:52,648 [INFO] Live price: $118220.00
2025-07-17 14:16:52,650 [INFO] Live price: $118220.00
2025-07-17 14:16:52,651 [INFO] Live price: $118220.00
2025-07-17 14:16:52,653 [INFO] Live price: $118220.00
2025-07-17 14:16:52,655 [INFO] Live price: $118220.00
2025-07-17 14:16:52,656 [INFO] Live price: $118220.00
2025-07-17 14:16:52,658 [INFO] Live price: $118220.00
2025-07-17 14:16:52,659 [INFO] Live price: $118220.00
2025-07-17 14:16:52,661 [INFO] Live price: $118220.00
2025-07-17 14:16:52,662 [INFO] Live price: $118220.00
2025-07-17 14:16:52,664 [INFO] Live price: $118220.00
2025-07-17 14:16:52,666 [INFO] Live price: $118220.00
2025-07-17 14:16:52,667 [INFO] Live price: $118220.00
2025-07-17 14:16:52,669 [INFO] Live price: $118220.00
2025-07-17 14:16:52,670 [INFO] Live price: $118220.00
2025-07-17 14:16:52,672 [INFO] Live price: $118220.00
2025-07-17 14:16:52,673 [INFO] Live price: $118220.00
2025-07-17 14:16:52,675 [INFO] Live price: $118220.00
2025-07-17 14:16:52,677 [INFO] Live price: $118220.00
2025-07-17 14:16:52,678 [INFO] Live price: $118220.00
2025-07-17 14:16:52,680 [INFO] Live price: $118220.00
2025-07-17 14:16:52,681 [INFO] Live price: $118220.00
2025-07-17 14:16:52,683 [INFO] Live price: $118220.00
2025-07-17 14:16:52,685 [INFO] Live price: $118220.00
2025-07-17 14:16:52,686 [INFO] Live price: $118220.00
2025-07-17 14:16:52,688 [INFO] Live price: $118220.00
2025-07-17 14:16:52,689 [INFO] Live price: $118220.00
2025-07-17 14:16:52,691 [INFO] Live price: $118220.00
2025-07-17 14:16:52,692 [INFO] Live price: $118220.00
2025-07-17 14:16:52,694 [INFO] Live price: $118220.00
2025-07-17 14:16:52,695 [INFO] Live price: $118220.00
2025-07-17 14:16:52,697 [INFO] Live price: $118220.00
2025-07-17 14:16:52,699 [INFO] Live price: $118220.00
2025-07-17 14:16:52,700 [INFO] Live price: $118220.00
2025-07-17 14:16:52,702 [INFO] Live price: $118220.00
2025-07-17 14:16:52,703 [INFO] Live price: $118220.00
2025-07-17 14:16:52,705 [INFO] Live price: $118220.00
2025-07-17 14:16:52,706 [INFO] Live price: $118220.00
2025-07-17 14:16:52,708 [INFO] Live price: $118220.00
2025-07-17 14:16:52,710 [INFO] Live price: $118220.00
2025-07-17 14:16:52,711 [INFO] Live price: $118220.00
2025-07-17 14:16:52,713 [INFO] Live price: $118220.00
2025-07-17 14:16:52,714 [INFO] Live price: $118220.00
2025-07-17 14:16:52,716 [INFO] Live price: $118220.00
2025-07-17 14:16:52,717 [INFO] Live price: $118220.00
2025-07-17 14:16:52,719 [INFO] Live price: $118220.00
2025-07-17 14:16:52,721 [INFO] Live price: $118220.00
2025-07-17 14:16:52,722 [INFO] Live price: $118220.00
2025-07-17 14:16:52,724 [INFO] Live price: $118220.00
2025-07-17 14:16:52,725 [INFO] Live price: $118220.00
2025-07-17 14:16:52,727 [INFO] Live price: $118220.00
2025-07-17 14:16:52,728 [INFO] Live price: $118220.00
2025-07-17 14:16:52,730 [INFO] Live price: $118220.00
2025-07-17 14:16:52,903 [INFO] Live price: $118219.99
2025-07-17 14:16:52,905 [INFO] Live price: $118219.29
2025-07-17 14:16:52,908 [INFO] Live price: $118219.29
2025-07-17 14:16:52,910 [INFO] Live price: $118218.65
2025-07-17 14:16:52,912 [INFO] Live price: $118218.65
2025-07-17 14:16:52,914 [INFO] Live price: $118218.45
2025-07-17 14:16:52,916 [INFO] Live price: $118218.43
2025-07-17 14:16:52,919 [INFO] Live price: $118217.73
2025-07-17 14:16:52,920 [INFO] Live price: $118217.63
2025-07-17 14:16:52,923 [INFO] Live price: $118216.33
2025-07-17 14:16:52,925 [INFO] Live price: $118216.33
2025-07-17 14:16:52,927 [INFO] Live price: $118216.03
2025-07-17 14:16:52,929 [INFO] Live price: $118215.78
2025-07-17 14:16:52,931 [INFO] Live price: $118215.43
2025-07-17 14:16:52,933 [INFO] Live price: $118214.55
2025-07-17 14:16:52,936 [INFO] Live price: $118214.32
2025-07-17 14:16:52,939 [INFO] Live price: $118214.32
2025-07-17 14:16:52,942 [INFO] Live price: $118214.32
2025-07-17 14:16:52,943 [INFO] Live price: $118214.31
2025-07-17 14:16:52,946 [INFO] Live price: $118214.31
2025-07-17 14:16:52,948 [INFO] Live price: $118214.31
2025-07-17 14:16:52,950 [INFO] Live price: $118214.31
2025-07-17 14:16:52,953 [INFO] Live price: $118214.31
2025-07-17 14:16:52,955 [INFO] Live price: $118214.31
2025-07-17 14:16:52,957 [INFO] Live price: $118214.31
2025-07-17 14:16:52,959 [INFO] Live price: $118214.31
2025-07-17 14:16:52,961 [INFO] Live price: $118214.31
2025-07-17 14:16:52,962 [INFO] Live price: $118214.31
2025-07-17 14:16:52,964 [INFO] Live price: $118214.31
2025-07-17 14:16:52,965 [INFO] Live price: $118214.31
2025-07-17 14:16:52,967 [INFO] Live price: $118214.31
2025-07-17 14:16:52,969 [INFO] Live price: $118214.31
2025-07-17 14:16:52,970 [INFO] Live price: $118214.31
2025-07-17 14:16:52,972 [INFO] Live price: $118214.31
2025-07-17 14:16:52,974 [INFO] Live price: $118214.31
2025-07-17 14:16:52,976 [INFO] Live price: $118214.31
2025-07-17 14:16:52,977 [INFO] Live price: $118214.30
2025-07-17 14:16:52,979 [INFO] Live price: $118214.30
2025-07-17 14:16:52,981 [INFO] Live price: $118214.30
2025-07-17 14:16:52,982 [INFO] Live price: $118214.30
2025-07-17 14:16:52,984 [INFO] Live price: $118214.30
2025-07-17 14:16:52,985 [INFO] Live price: $118214.30
2025-07-17 14:16:52,987 [INFO] Live price: $118214.30
2025-07-17 14:16:52,989 [INFO] Live price: $118214.30
2025-07-17 14:16:52,990 [INFO] Live price: $118214.30
2025-07-17 14:16:52,992 [INFO] Live price: $118214.30
2025-07-17 14:16:52,993 [INFO] Live price: $118214.30
2025-07-17 14:16:52,995 [INFO] Live price: $118214.30
2025-07-17 14:16:52,997 [INFO] Live price: $118214.30
2025-07-17 14:16:52,998 [INFO] Live price: $118214.30
2025-07-17 14:16:53,000 [INFO] Live price: $118214.29
2025-07-17 14:16:53,001 [INFO] Live price: $118214.00
2025-07-17 14:16:53,003 [INFO] Live price: $118214.00
2025-07-17 14:16:53,004 [INFO] Live price: $118213.89
2025-07-17 14:16:53,006 [INFO] Live price: $118213.88
2025-07-17 14:16:53,008 [INFO] Live price: $118213.87
2025-07-17 14:16:53,009 [INFO] Live price: $118213.87
2025-07-17 14:16:53,011 [INFO] Live price: $118213.87
2025-07-17 14:16:53,012 [INFO] Live price: $118213.86
2025-07-17 14:16:53,014 [INFO] Live price: $118213.86
2025-07-17 14:16:53,016 [INFO] Live price: $118213.86
2025-07-17 14:16:53,017 [INFO] Live price: $118213.86
2025-07-17 14:16:53,019 [INFO] Live price: $118213.86
2025-07-17 14:16:53,020 [INFO] Live price: $118213.86
2025-07-17 14:16:53,022 [INFO] Live price: $118213.86
2025-07-17 14:16:53,023 [INFO] Live price: $118213.86
2025-07-17 14:16:53,025 [INFO] Live price: $118213.86
2025-07-17 14:16:53,027 [INFO] Live price: $118213.86
2025-07-17 14:16:53,029 [INFO] Live price: $118213.86
2025-07-17 14:16:53,030 [INFO] Live price: $118213.86
2025-07-17 14:16:53,032 [INFO] Live price: $118212.74
2025-07-17 14:16:53,034 [INFO] Live price: $118212.74
2025-07-17 14:16:53,035 [INFO] Live price: $118212.00
2025-07-17 14:16:53,037 [INFO] Live price: $118212.00
2025-07-17 14:16:53,038 [INFO] Live price: $118212.00
2025-07-17 14:16:53,040 [INFO] Live price: $118211.94
2025-07-17 14:16:53,042 [INFO] Live price: $118211.94
2025-07-17 14:16:53,043 [INFO] Live price: $118211.94
2025-07-17 14:16:53,045 [INFO] Live price: $118211.94
2025-07-17 14:16:53,046 [INFO] Live price: $118211.94
2025-07-17 14:16:53,048 [INFO] Live price: $118211.94
2025-07-17 14:16:53,049 [INFO] Live price: $118211.82
2025-07-17 14:16:53,051 [INFO] Live price: $118211.18
2025-07-17 14:16:53,052 [INFO] Live price: $118209.55
2025-07-17 14:16:53,054 [INFO] Live price: $118209.55
2025-07-17 14:16:53,056 [INFO] Live price: $118208.01
2025-07-17 14:16:53,058 [INFO] Live price: $118208.01
2025-07-17 14:16:53,074 [INFO] Live price: $118208.01
2025-07-17 14:16:53,141 [INFO] Live price: $118208.01
2025-07-17 14:16:53,875 [INFO] Live price: $118208.01
2025-07-17 14:16:53,998 [INFO] Live price: $118208.01
2025-07-17 14:16:54,141 [INFO] Live price: $118208.01
2025-07-17 14:16:54,680 [INFO] Live price: $118208.00
2025-07-17 14:16:54,685 [INFO] Live price: $118208.00
2025-07-17 14:16:54,689 [INFO] Live price: $118208.00
2025-07-17 14:16:54,692 [INFO] Live price: $118208.00
2025-07-17 14:16:54,728 [INFO] Live price: $118208.01
2025-07-17 14:16:54,889 [INFO] Live price: $118208.01
2025-07-17 14:16:55,029 [INFO] Live price: $118208.01
2025-07-17 14:16:55,275 [INFO] Live price: $118208.01
2025-07-17 14:16:55,374 [INFO] Live price: $118208.00
2025-07-17 14:16:55,425 [INFO] Live price: $118208.01
2025-07-17 14:16:55,989 [INFO] Live price: $118208.00
2025-07-17 14:16:56,520 [INFO] Live price: $118208.01
2025-07-17 14:16:56,781 [INFO] Live price: $118208.01
2025-07-17 14:16:56,783 [INFO] Live price: $118208.01
2025-07-17 14:16:56,861 [INFO] Live price: $118208.00
2025-07-17 14:16:56,863 [INFO] Live price: $118208.00
2025-07-17 14:16:56,865 [INFO] Live price: $118208.00
2025-07-17 14:16:56,867 [INFO] Live price: $118208.00
2025-07-17 14:16:56,897 [INFO] Live price: $118208.01
2025-07-17 14:16:56,968 [INFO] Live price: $118208.01
2025-07-17 14:16:57,101 [INFO] Live price: $118208.01
2025-07-17 14:16:57,226 [INFO] Live price: $118208.01
2025-07-17 14:16:57,704 [INFO] Live price: $118208.00
2025-07-17 14:16:57,706 [INFO] Live price: $118208.00
2025-07-17 14:16:57,708 [INFO] Live price: $118208.00
2025-07-17 14:16:57,710 [INFO] Live price: $118208.00
2025-07-17 14:16:57,711 [INFO] Live price: $118208.00
2025-07-17 14:16:57,713 [INFO] Live price: $118208.00
2025-07-17 14:16:57,714 [INFO] Live price: $118208.00
2025-07-17 14:16:57,716 [INFO] Live price: $118208.00
2025-07-17 14:16:57,718 [INFO] Live price: $118208.00
2025-07-17 14:16:57,719 [INFO] Live price: $118208.00
2025-07-17 14:16:57,721 [INFO] Live price: $118208.00
2025-07-17 14:16:57,723 [INFO] Live price: $118208.00
2025-07-17 14:16:57,724 [INFO] Live price: $118208.00
2025-07-17 14:16:57,726 [INFO] Live price: $118208.00
2025-07-17 14:16:57,727 [INFO] Live price: $118208.00
2025-07-17 14:16:57,729 [INFO] Live price: $118208.00
2025-07-17 14:16:57,730 [INFO] Live price: $118208.00
2025-07-17 14:16:57,732 [INFO] Live price: $118208.00
2025-07-17 14:16:57,733 [INFO] Live price: $118208.00
2025-07-17 14:16:57,735 [INFO] Live price: $118208.00
2025-07-17 14:16:57,737 [INFO] Live price: $118208.00
2025-07-17 14:16:57,738 [INFO] Live price: $118208.00
2025-07-17 14:16:57,740 [INFO] Live price: $118208.00
2025-07-17 14:16:57,741 [INFO] Live price: $118208.00
2025-07-17 14:16:57,743 [INFO] Live price: $118208.00
2025-07-17 14:16:57,744 [INFO] Live price: $118208.00
2025-07-17 14:16:57,746 [INFO] Live price: $118208.00
2025-07-17 14:16:57,748 [INFO] Live price: $118208.00
2025-07-17 14:16:57,749 [INFO] Live price: $118208.00
2025-07-17 14:16:57,751 [INFO] Live price: $118208.00
2025-07-17 14:16:57,752 [INFO] Live price: $118208.00
2025-07-17 14:16:57,754 [INFO] Live price: $118208.00
2025-07-17 14:16:57,755 [INFO] Live price: $118208.00
2025-07-17 14:16:57,757 [INFO] Live price: $118208.00
2025-07-17 14:16:57,758 [INFO] Live price: $118208.00
2025-07-17 14:16:57,760 [INFO] Live price: $118208.00
2025-07-17 14:16:57,761 [INFO] Live price: $118208.00
2025-07-17 14:16:57,763 [INFO] Live price: $118208.00
2025-07-17 14:16:57,764 [INFO] Live price: $118208.00
2025-07-17 14:16:57,766 [INFO] Live price: $118208.00
2025-07-17 14:16:57,768 [INFO] Live price: $118208.00
2025-07-17 14:16:57,769 [INFO] Live price: $118208.00
2025-07-17 14:16:57,771 [INFO] Live price: $118208.00
2025-07-17 14:16:57,772 [INFO] Live price: $118208.00
2025-07-17 14:16:57,774 [INFO] Live price: $118208.00
2025-07-17 14:16:57,775 [INFO] Live price: $118208.00
2025-07-17 14:16:57,777 [INFO] Live price: $118208.00
2025-07-17 14:16:57,779 [INFO] Live price: $118208.00
2025-07-17 14:16:57,780 [INFO] Live price: $118208.01
2025-07-17 14:16:57,805 [INFO] Live price: $118208.00
2025-07-17 14:16:57,807 [INFO] Live price: $118208.00
2025-07-17 14:16:57,809 [INFO] Live price: $118208.00
2025-07-17 14:16:57,810 [INFO] Live price: $118208.00
2025-07-17 14:16:57,812 [INFO] Live price: $118208.00
2025-07-17 14:16:57,814 [INFO] Live price: $118208.00
2025-07-17 14:16:57,815 [INFO] Live price: $118208.00
2025-07-17 14:16:57,817 [INFO] Live price: $118208.00
2025-07-17 14:16:57,818 [INFO] Live price: $118208.00
2025-07-17 14:16:57,820 [INFO] Live price: $118208.00
2025-07-17 14:16:57,821 [INFO] Live price: $118208.00
2025-07-17 14:16:57,823 [INFO] Live price: $118208.00
2025-07-17 14:16:57,824 [INFO] Live price: $118208.00
2025-07-17 14:16:57,826 [INFO] Live price: $118208.00
2025-07-17 14:16:57,827 [INFO] Live price: $118208.00
2025-07-17 14:16:57,829 [INFO] Live price: $118208.00
2025-07-17 14:16:57,831 [INFO] Live price: $118208.00
2025-07-17 14:16:57,832 [INFO] Live price: $118207.99
2025-07-17 14:16:57,834 [INFO] Live price: $118207.99
2025-07-17 14:16:57,836 [INFO] Live price: $118207.99
2025-07-17 14:16:57,837 [INFO] Live price: $118207.99
2025-07-17 14:16:57,839 [INFO] Live price: $118207.99
2025-07-17 14:16:57,840 [INFO] Live price: $118207.99
2025-07-17 14:16:57,842 [INFO] Live price: $118207.01
2025-07-17 14:16:57,844 [INFO] Live price: $118206.49
2025-07-17 14:16:57,845 [INFO] Live price: $118206.49
2025-07-17 14:16:57,847 [INFO] Live price: $118206.38
2025-07-17 14:16:57,848 [INFO] Live price: $118206.38
2025-07-17 14:16:57,850 [INFO] Live price: $118205.91
2025-07-17 14:16:57,851 [INFO] Live price: $118205.63
2025-07-17 14:16:57,853 [INFO] Live price: $118204.46
2025-07-17 14:16:57,854 [INFO] Live price: $118204.46
2025-07-17 14:16:57,856 [INFO] Live price: $118204.46
2025-07-17 14:16:57,858 [INFO] Live price: $118204.00
2025-07-17 14:16:57,859 [INFO] Live price: $118203.95
2025-07-17 14:16:57,861 [INFO] Live price: $118203.95
2025-07-17 14:16:57,862 [INFO] Live price: $118203.95
2025-07-17 14:16:57,864 [INFO] Live price: $118203.13
2025-07-17 14:16:57,866 [INFO] Live price: $118202.63
2025-07-17 14:16:57,867 [INFO] Live price: $118202.37
2025-07-17 14:16:57,869 [INFO] Live price: $118202.37
2025-07-17 14:16:57,870 [INFO] Live price: $118202.37
2025-07-17 14:16:57,872 [INFO] Live price: $118202.37
2025-07-17 14:16:57,874 [INFO] Live price: $118202.37
2025-07-17 14:16:57,875 [INFO] Live price: $118202.37
2025-07-17 14:16:57,877 [INFO] Live price: $118202.37
2025-07-17 14:16:57,878 [INFO] Live price: $118202.37
2025-07-17 14:16:57,880 [INFO] Live price: $118202.37
2025-07-17 14:16:57,881 [INFO] Live price: $118202.37
2025-07-17 14:16:57,883 [INFO] Live price: $118202.37
2025-07-17 14:16:57,885 [INFO] Live price: $118202.37
2025-07-17 14:16:57,886 [INFO] Live price: $118202.37
2025-07-17 14:16:57,888 [INFO] Live price: $118202.37
2025-07-17 14:16:57,890 [INFO] Live price: $118202.37
2025-07-17 14:16:58,046 [INFO] Live price: $118202.36
2025-07-17 14:16:58,051 [INFO] Live price: $118202.36
2025-07-17 14:16:58,105 [INFO] Live price: $118202.36
2025-07-17 14:16:58,107 [INFO] Live price: $118202.36
2025-07-17 14:16:58,109 [INFO] Live price: $118202.36
2025-07-17 14:16:58,110 [INFO] Live price: $118202.36
2025-07-17 14:16:58,112 [INFO] Live price: $118202.36
2025-07-17 14:16:58,114 [INFO] Live price: $118202.36
2025-07-17 14:16:58,115 [INFO] Live price: $118202.36
2025-07-17 14:16:58,117 [INFO] Live price: $118202.36
2025-07-17 14:16:58,118 [INFO] Live price: $118202.36
2025-07-17 14:16:58,120 [INFO] Live price: $118202.36
2025-07-17 14:16:58,121 [INFO] Live price: $118202.36
2025-07-17 14:16:58,123 [INFO] Live price: $118202.36
2025-07-17 14:16:58,125 [INFO] Live price: $118202.36
2025-07-17 14:16:58,126 [INFO] Live price: $118202.36
2025-07-17 14:16:58,128 [INFO] Live price: $118202.36
2025-07-17 14:16:58,129 [INFO] Live price: $118202.36
2025-07-17 14:16:58,131 [INFO] Live price: $118202.36
2025-07-17 14:16:58,132 [INFO] Live price: $118202.36
2025-07-17 14:16:58,134 [INFO] Live price: $118202.36
2025-07-17 14:16:58,136 [INFO] Live price: $118202.36
2025-07-17 14:16:58,137 [INFO] Live price: $118202.36
2025-07-17 14:16:58,140 [INFO] Live price: $118202.36
2025-07-17 14:16:58,142 [INFO] Live price: $118202.36
2025-07-17 14:16:58,150 [INFO] Live price: $118202.36
2025-07-17 14:16:58,152 [INFO] Live price: $118202.36
2025-07-17 14:16:58,153 [INFO] Live price: $118202.36
2025-07-17 14:16:58,155 [INFO] Live price: $118202.36
2025-07-17 14:16:58,157 [INFO] Live price: $118202.36
2025-07-17 14:16:58,159 [INFO] Live price: $118202.36
2025-07-17 14:16:58,160 [INFO] Live price: $118202.36
2025-07-17 14:16:58,162 [INFO] Live price: $118202.36
2025-07-17 14:16:58,206 [INFO] Live price: $118202.36
2025-07-17 14:16:58,209 [INFO] Live price: $118202.36
2025-07-17 14:16:58,211 [INFO] Live price: $118202.36
2025-07-17 14:16:58,213 [INFO] Live price: $118202.36
2025-07-17 14:16:58,249 [INFO] Live price: $118202.36
2025-07-17 14:16:58,251 [INFO] Live price: $118202.36
2025-07-17 14:16:58,253 [INFO] Live price: $118202.36
2025-07-17 14:16:58,256 [INFO] Live price: $118202.36
2025-07-17 14:16:58,259 [INFO] Live price: $118202.36
2025-07-17 14:16:58,262 [INFO] Live price: $118202.36
2025-07-17 14:16:58,706 [INFO] Live price: $118202.36
2025-07-17 14:16:58,715 [INFO] Live price: $118202.36
2025-07-17 14:16:58,773 [WARNING] Program interrupted by user
